<?xml version="1.0" encoding="UTF-8"?>
<testsuites>
  <testsuite name="tests" tests="2" assertions="0" errors="0" warnings="0" failures="0" skipped="0" time="7.686316">
    <testsuite name="CodelyTv\Tests\Mooc\Courses\Application\Create\CourseCreatorTest" file="/app/tests/src/Mooc/Courses/Application/Create/CourseCreatorTest.php" tests="1" assertions="0" errors="0" warnings="0" failures="0" skipped="0" time="0.037982">
      <testcase name="it_should_crate_a_valid_course" class="CodelyTv\Tests\Mooc\Courses\Application\Create\CourseCreatorTest" classname="CodelyTv.Tests.Mooc.Courses.Application.Create.CourseCreatorTest" file="/app/tests/src/Mooc/Courses/Application/Create/CourseCreatorTest.php" line="22" assertions="0" time="0.037982"/>
    </testsuite>
    <testsuite name="CodelyTv\Tests\Mooc\Courses\Infractructure\Persistence\CourseRepositoryTest" file="/app/tests/src/Mooc/Courses/Infractructure/Persistence/CourseRepositoryTest.php" tests="1" assertions="0" errors="0" warnings="0" failures="0" skipped="0" time="7.648334">
      <testcase name="it_should_save_a_course" class="CodelyTv\Tests\Mooc\Courses\Infractructure\Persistence\CourseRepositoryTest" classname="CodelyTv.Tests.Mooc.Courses.Infractructure.Persistence.CourseRepositoryTest" file="/app/tests/src/Mooc/Courses/Infractructure/Persistence/CourseRepositoryTest.php" line="14" assertions="0" time="7.648334">
        <system-out>Array
(
    [driver] =&gt; pdo_mysql
    [host] =&gt; codelytv-php_ddd_basic_skeleton-mooc-mysql
    [port] =&gt; 3306
    [dbname] =&gt; mooc
    [user] =&gt; root
    [password] =&gt; 
)
</system-out>
      </testcase>
    </testsuite>
  </testsuite>
</testsuites>
